# JRE version: OpenJDK Runtime Environment Temurin-21.0.10+7 (21.0.10+7) (build 21.0.10+7-LTS)
# Java VM: OpenJDK 64-Bit Server VM Temurin-21.0.10+7 (21.0.10+7-LTS, mixed mode, sharing, tiered, compressed oops, compressed class ptrs, parallel gc, windows-amd64)
GC Precious Log:
 CardTable entry size: 512
 CPUs: 8 total, 8 available
 Memory: 24382M
 Large Page Support: Disabled
 NUMA Support: Disabled
 Compressed Oops: Enabled (32-bit)
 Alignments: Space 512K, Generation 512K, Heap 2M
 Heap Min Capacity: 100M
 Heap Initial Capacity: 100M
 Heap Max Capacity: 2G
 Pre-touch: Disabled
 Parallel Workers: 8
Heap:
 PSYoungGen      total 12288K, used 4959K [0x00000000d5580000, 0x00000000d6480000, 0x0000000100000000)
  eden space 11264K, 35% used [0x00000000d5580000,0x00000000d595fd68,0x00000000d6080000)
  from space 1024K, 96% used [0x00000000d6080000,0x00000000d6178020,0x00000000d6180000)
  to   space 2048K, 0% used [0x00000000d6280000,0x00000000d6280000,0x00000000d6480000)
 ParOldGen       total 1372672K, used 1372261K [0x0000000080000000, 0x00000000d3c80000, 0x00000000d5580000)
  object space 1372672K, 99% used [0x0000000080000000,0x00000000d3c19680,0x00000000d3c80000)
 Metaspace       used 103300K, committed 105280K, reserved 1179648K
  class space    used 9943K, committed 10880K, reserved 1048576K
GC Heap History (20 events):
Event: 187604.614 GC heap before
{Heap before GC invocations=33952 (full 30):
 PSYoungGen      total 12800K, used 12786K [0x00000000d5580000, 0x00000000d6780000, 0x0000000100000000)
  eden space 11264K, 100% used [0x00000000d5580000,0x00000000d6080000,0x00000000d6080000)
  from space 1536K, 99% used [0x00000000d6180000,0x00000000d62fcb20,0x00000000d6300000)
  to   space 3584K, 0% used [0x00000000d6400000,0x00000000d6400000,0x00000000d6780000)
 ParOldGen       total 1365504K, used 1365124K [0x0000000080000000, 0x00000000d3580000, 0x00000000d5580000)
  object space 1365504K, 99% used [0x0000000080000000,0x00000000d3521130,0x00000000d3580000)
 Metaspace       used 103286K, committed 105280K, reserved 1179648K
  class space    used 9942K, committed 10880K, reserved 1048576K
}
Event: 187604.618 GC heap after
{Heap after GC invocations=33952 (full 30):
 PSYoungGen      total 13312K, used 1718K [0x00000000d5580000, 0x00000000d6600000, 0x0000000100000000)
  eden space 11264K, 0% used [0x00000000d5580000,0x00000000d5580000,0x00000000d6080000)
  from space 2048K, 83% used [0x00000000d6400000,0x00000000d65adad0,0x00000000d6600000)
  to   space 2560K, 0% used [0x00000000d6100000,0x00000000d6100000,0x00000000d6380000)
 ParOldGen       total 1365504K, used 1365188K [0x0000000080000000, 0x00000000d3580000, 0x00000000d5580000)
  object space 1365504K, 99% used [0x0000000080000000,0x00000000d3531130,0x00000000d3580000)
 Metaspace       used 103286K, committed 105280K, reserved 1179648K
  class space    used 9942K, committed 10880K, reserved 1048576K
}
Event: 187604.658 GC heap before
{Heap before GC invocations=33953 (full 30):
 PSYoungGen      total 13312K, used 12982K [0x00000000d5580000, 0x00000000d6600000, 0x0000000100000000)
  eden space 11264K, 100% used [0x00000000d5580000,0x00000000d6080000,0x00000000d6080000)
  from space 2048K, 83% used [0x00000000d6400000,0x00000000d65adad0,0x00000000d6600000)
  to   space 2560K, 0% used [0x00000000d6100000,0x00000000d6100000,0x00000000d6380000)
 ParOldGen       total 1365504K, used 1365188K [0x0000000080000000, 0x00000000d3580000, 0x00000000d5580000)
  object space 1365504K, 99% used [0x0000000080000000,0x00000000d3531130,0x00000000d3580000)
 Metaspace       used 103286K, committed 105280K, reserved 1179648K
  class space    used 9942K, committed 10880K, reserved 1048576K
}
Event: 187604.663 GC heap after
{Heap after GC invocations=33953 (full 30):
 PSYoungGen      total 13824K, used 2530K [0x00000000d5580000, 0x00000000d6780000, 0x0000000100000000)
  eden space 11264K, 0% used [0x00000000d5580000,0x00000000d5580000,0x00000000d6080000)
  from space 2560K, 98% used [0x00000000d6100000,0x00000000d63788d0,0x00000000d6380000)
  to   space 3584K, 0% used [0x00000000d6400000,0x00000000d6400000,0x00000000d6780000)
 ParOldGen       total 1366016K, used 1365784K [0x0000000080000000, 0x00000000d3600000, 0x00000000d5580000)
  object space 1366016K, 99% used [0x0000000080000000,0x00000000d35c6330,0x00000000d3600000)
 Metaspace       used 103286K, committed 105280K, reserved 1179648K
  class space    used 9942K, committed 10880K, reserved 1048576K
}
Event: 187604.726 GC heap before
{Heap before GC invocations=33954 (full 30):
 PSYoungGen      total 13824K, used 13794K [0x00000000d5580000, 0x00000000d6780000, 0x0000000100000000)
  eden space 11264K, 100% used [0x00000000d5580000,0x00000000d6080000,0x00000000d6080000)
  from space 2560K, 98% used [0x00000000d6100000,0x00000000d63788d0,0x00000000d6380000)
  to   space 3584K, 0% used [0x00000000d6400000,0x00000000d6400000,0x00000000d6780000)
 ParOldGen       total 1366016K, used 1365784K [0x0000000080000000, 0x00000000d3600000, 0x00000000d5580000)
  object space 1366016K, 99% used [0x0000000080000000,0x00000000d35c6330,0x00000000d3600000)
 Metaspace       used 103286K, committed 105280K, reserved 1179648K
  class space    used 9942K, committed 10880K, reserved 1048576K
}
Event: 187604.732 GC heap after
{Heap after GC invocations=33954 (full 30):
 PSYoungGen      total 13312K, used 1692K [0x00000000d5580000, 0x00000000d6600000, 0x0000000100000000)
  eden space 11264K, 0% used [0x00000000d5580000,0x00000000d5580000,0x00000000d6080000)
  from space 2048K, 82% used [0x00000000d6400000,0x00000000d65a71d0,0x00000000d6600000)
  to   space 2560K, 0% used [0x00000000d6100000,0x00000000d6100000,0x00000000d6380000)
 ParOldGen       total 1366528K, used 1366048K [0x0000000080000000, 0x00000000d3680000, 0x00000000d5580000)
  object space 1366528K, 99% used [0x0000000080000000,0x00000000d3608330,0x00000000d3680000)
 Metaspace       used 103286K, committed 105280K, reserved 1179648K
  class space    used 9942K, committed 10880K, reserved 1048576K
}
Event: 187604.777 GC heap before
{Heap before GC invocations=33955 (full 30):
 PSYoungGen      total 13312K, used 12956K [0x00000000d5580000, 0x00000000d6600000, 0x0000000100000000)
  eden space 11264K, 100% used [0x00000000d5580000,0x00000000d6080000,0x00000000d6080000)
  from space 2048K, 82% used [0x00000000d6400000,0x00000000d65a71d0,0x00000000d6600000)
  to   space 2560K, 0% used [0x00000000d6100000,0x00000000d6100000,0x00000000d6380000)
 ParOldGen       total 1366528K, used 1366048K [0x0000000080000000, 0x00000000d3680000, 0x00000000d5580000)
  object space 1366528K, 99% used [0x0000000080000000,0x00000000d3608330,0x00000000d3680000)
 Metaspace       used 103286K, committed 105280K, reserved 1179648K
  class space    used 9942K, committed 10880K, reserved 1048576K
}
Event: 187604.783 GC heap after
{Heap after GC invocations=33955 (full 30):
 PSYoungGen      total 13824K, used 2530K [0x00000000d5580000, 0x00000000d6a80000, 0x0000000100000000)
  eden space 11264K, 0% used [0x00000000d5580000,0x00000000d5580000,0x00000000d6080000)
  from space 2560K, 98% used [0x00000000d6100000,0x00000000d63788d0,0x00000000d6380000)
  to   space 5120K, 0% used [0x00000000d6580000,0x00000000d6580000,0x00000000d6a80000)
 ParOldGen       total 1368064K, used 1367693K [0x0000000080000000, 0x00000000d3800000, 0x00000000d5580000)
  object space 1368064K, 99% used [0x0000000080000000,0x00000000d37a3530,0x00000000d3800000)
 Metaspace       used 103286K, committed 105280K, reserved 1179648K
  class space    used 9942K, committed 10880K, reserved 1048576K
}
Event: 187605.188 GC heap before
{Heap before GC invocations=33956 (full 30):
 PSYoungGen      total 13824K, used 13047K [0x00000000d5580000, 0x00000000d6a80000, 0x0000000100000000)
  eden space 11264K, 93% used [0x00000000d5580000,0x00000000d5fc5550,0x00000000d6080000)
  from space 2560K, 98% used [0x00000000d6100000,0x00000000d63788d0,0x00000000d6380000)
  to   space 5120K, 0% used [0x00000000d6580000,0x00000000d6580000,0x00000000d6a80000)
 ParOldGen       total 1368064K, used 1367693K [0x0000000080000000, 0x00000000d3800000, 0x00000000d5580000)
  object space 1368064K, 99% used [0x0000000080000000,0x00000000d37a3530,0x00000000d3800000)
 Metaspace       used 103286K, committed 105280K, reserved 1179648K
  class space    used 9942K, committed 10880K, reserved 1048576K
}
Event: 187605.193 GC heap after
{Heap after GC invocations=33956 (full 30):
 PSYoungGen      total 11776K, used 192K [0x00000000d5580000, 0x00000000d6600000, 0x0000000100000000)
  eden space 11264K, 0% used [0x00000000d5580000,0x00000000d5580000,0x00000000d6080000)
  from space 512K, 37% used [0x00000000d6580000,0x00000000d65b0000,0x00000000d6600000)
  to   space 2048K, 0% used [0x00000000d6200000,0x00000000d6200000,0x00000000d6400000)
 ParOldGen       total 1368064K, used 1367941K [0x0000000080000000, 0x00000000d3800000, 0x00000000d5580000)
  object space 1368064K, 99% used [0x0000000080000000,0x00000000d37e1530,0x00000000d3800000)
 Metaspace       used 103286K, committed 105280K, reserved 1179648K
  class space    used 9942K, committed 10880K, reserved 1048576K
}
Event: 190471.284 GC heap before
{Heap before GC invocations=33957 (full 30):
 PSYoungGen      total 11776K, used 11456K [0x00000000d5580000, 0x00000000d6600000, 0x0000000100000000)
  eden space 11264K, 100% used [0x00000000d5580000,0x00000000d6080000,0x00000000d6080000)
  from space 512K, 37% used [0x00000000d6580000,0x00000000d65b0000,0x00000000d6600000)
  to   space 2048K, 0% used [0x00000000d6200000,0x00000000d6200000,0x00000000d6400000)
 ParOldGen       total 1368064K, used 1367941K [0x0000000080000000, 0x00000000d3800000, 0x00000000d5580000)
  object space 1368064K, 99% used [0x0000000080000000,0x00000000d37e1530,0x00000000d3800000)
 Metaspace       used 103299K, committed 105280K, reserved 1179648K
  class space    used 9943K, committed 10880K, reserved 1048576K
}
Event: 190472.054 GC heap after
{Heap after GC invocations=33957 (full 30):
 PSYoungGen      total 13312K, used 670K [0x00000000d5580000, 0x00000000d6600000, 0x0000000100000000)
  eden space 11264K, 0% used [0x00000000d5580000,0x00000000d5580000,0x00000000d6080000)
  from space 2048K, 32% used [0x00000000d6200000,0x00000000d62a7b50,0x00000000d6400000)
  to   space 1024K, 0% used [0x00000000d6500000,0x00000000d6500000,0x00000000d6600000)
 ParOldGen       total 1368064K, used 1367989K [0x0000000080000000, 0x00000000d3800000, 0x00000000d5580000)
  object space 1368064K, 99% used [0x0000000080000000,0x00000000d37ed530,0x00000000d3800000)
 Metaspace       used 103299K, committed 105280K, reserved 1179648K
  class space    used 9943K, committed 10880K, reserved 1048576K
}
Event: 190472.212 GC heap before
{Heap before GC invocations=33958 (full 30):
 PSYoungGen      total 13312K, used 11934K [0x00000000d5580000, 0x00000000d6600000, 0x0000000100000000)
  eden space 11264K, 99% used [0x00000000d5580000,0x00000000d607ffe0,0x00000000d6080000)
  from space 2048K, 32% used [0x00000000d6200000,0x00000000d62a7b50,0x00000000d6400000)
  to   space 1024K, 0% used [0x00000000d6500000,0x00000000d6500000,0x00000000d6600000)
 ParOldGen       total 1368064K, used 1367989K [0x0000000080000000, 0x00000000d3800000, 0x00000000d5580000)
  object space 1368064K, 99% used [0x0000000080000000,0x00000000d37ed530,0x00000000d3800000)
 Metaspace       used 103299K, committed 105280K, reserved 1179648K
  class space    used 9943K, committed 10880K, reserved 1048576K
}
Event: 190472.221 GC heap after
{Heap after GC invocations=33958 (full 30):
 PSYoungGen      total 12288K, used 1012K [0x00000000d5580000, 0x00000000d6600000, 0x0000000100000000)
  eden space 11264K, 0% used [0x00000000d5580000,0x00000000d5580000,0x00000000d6080000)
  from space 1024K, 98% used [0x00000000d6500000,0x00000000d65fd200,0x00000000d6600000)
  to   space 2048K, 0% used [0x00000000d6200000,0x00000000d6200000,0x00000000d6400000)
 ParOldGen       total 1369088K, used 1368771K [0x0000000080000000, 0x00000000d3900000, 0x00000000d5580000)
  object space 1369088K, 99% used [0x0000000080000000,0x00000000d38b0c50,0x00000000d3900000)
 Metaspace       used 103299K, committed 105280K, reserved 1179648K
  class space    used 9943K, committed 10880K, reserved 1048576K
}
Event: 190472.305 GC heap before
{Heap before GC invocations=33959 (full 30):
 PSYoungGen      total 12288K, used 12276K [0x00000000d5580000, 0x00000000d6600000, 0x0000000100000000)
  eden space 11264K, 100% used [0x00000000d5580000,0x00000000d6080000,0x00000000d6080000)
  from space 1024K, 98% used [0x00000000d6500000,0x00000000d65fd200,0x00000000d6600000)
  to   space 2048K, 0% used [0x00000000d6200000,0x00000000d6200000,0x00000000d6400000)
 ParOldGen       total 1369088K, used 1368771K [0x0000000080000000, 0x00000000d3900000, 0x00000000d5580000)
  object space 1369088K, 99% used [0x0000000080000000,0x00000000d38b0c50,0x00000000d3900000)
 Metaspace       used 103299K, committed 105280K, reserved 1179648K
  class space    used 9943K, committed 10880K, reserved 1048576K
}
Event: 190472.313 GC heap after
{Heap after GC invocations=33959 (full 30):
 PSYoungGen      total 13312K, used 1024K [0x00000000d5580000, 0x00000000d6580000, 0x0000000100000000)
  eden space 11264K, 0% used [0x00000000d5580000,0x00000000d5580000,0x00000000d6080000)
  from space 2048K, 50% used [0x00000000d6200000,0x00000000d6300000,0x00000000d6400000)
  to   space 1536K, 0% used [0x00000000d6400000,0x00000000d6400000,0x00000000d6580000)
 ParOldGen       total 1370112K, used 1369751K [0x0000000080000000, 0x00000000d3a00000, 0x00000000d5580000)
  object space 1370112K, 99% used [0x0000000080000000,0x00000000d39a5e90,0x00000000d3a00000)
 Metaspace       used 103299K, committed 105280K, reserved 1179648K
  class space    used 9943K, committed 10880K, reserved 1048576K
}
Event: 190472.518 GC heap before
{Heap before GC invocations=33960 (full 30):
 PSYoungGen      total 13312K, used 12287K [0x00000000d5580000, 0x00000000d6580000, 0x0000000100000000)
  eden space 11264K, 99% used [0x00000000d5580000,0x00000000d607fff0,0x00000000d6080000)
  from space 2048K, 50% used [0x00000000d6200000,0x00000000d6300000,0x00000000d6400000)
  to   space 1536K, 0% used [0x00000000d6400000,0x00000000d6400000,0x00000000d6580000)
 ParOldGen       total 1370112K, used 1369751K [0x0000000080000000, 0x00000000d3a00000, 0x00000000d5580000)
  object space 1370112K, 99% used [0x0000000080000000,0x00000000d39a5e90,0x00000000d3a00000)
 Metaspace       used 103299K, committed 105280K, reserved 1179648K
  class space    used 9943K, committed 10880K, reserved 1048576K
}
Event: 190472.533 GC heap after
{Heap after GC invocations=33960 (full 30):
 PSYoungGen      total 12800K, used 1508K [0x00000000d5580000, 0x00000000d6680000, 0x0000000100000000)
  eden space 11264K, 0% used [0x00000000d5580000,0x00000000d5580000,0x00000000d6080000)
  from space 1536K, 98% used [0x00000000d6400000,0x00000000d6579210,0x00000000d6580000)
  to   space 3072K, 0% used [0x00000000d6080000,0x00000000d6080000,0x00000000d6380000)
 ParOldGen       total 1371136K, used 1370756K [0x0000000080000000, 0x00000000d3b00000, 0x00000000d5580000)
  object space 1371136K, 99% used [0x0000000080000000,0x00000000d3aa11c0,0x00000000d3b00000)
 Metaspace       used 103299K, committed 105280K, reserved 1179648K
  class space    used 9943K, committed 10880K, reserved 1048576K
}
Event: 190475.087 GC heap before
{Heap before GC invocations=33961 (full 30):
 PSYoungGen      total 12800K, used 12772K [0x00000000d5580000, 0x00000000d6680000, 0x0000000100000000)
  eden space 11264K, 100% used [0x00000000d5580000,0x00000000d6080000,0x00000000d6080000)
  from space 1536K, 98% used [0x00000000d6400000,0x00000000d6579210,0x00000000d6580000)
  to   space 3072K, 0% used [0x00000000d6080000,0x00000000d6080000,0x00000000d6380000)
 ParOldGen       total 1371136K, used 1370756K [0x0000000080000000, 0x00000000d3b00000, 0x00000000d5580000)
  object space 1371136K, 99% used [0x0000000080000000,0x00000000d3aa11c0,0x00000000d3b00000)
 Metaspace       used 103299K, committed 105280K, reserved 1179648K
  class space    used 9943K, committed 10880K, reserved 1048576K
}
Event: 190475.096 GC heap after
{Heap after GC invocations=33961 (full 30):
 PSYoungGen      total 12288K, used 992K [0x00000000d5580000, 0x00000000d6480000, 0x0000000100000000)
  eden space 11264K, 0% used [0x00000000d5580000,0x00000000d5580000,0x00000000d6080000)
  from space 1024K, 96% used [0x00000000d6080000,0x00000000d6178020,0x00000000d6180000)
  to   space 2048K, 0% used [0x00000000d6280000,0x00000000d6280000,0x00000000d6480000)
 ParOldGen       total 1372672K, used 1372261K [0x0000000080000000, 0x00000000d3c80000, 0x00000000d5580000)
  object space 1372672K, 99% used [0x0000000080000000,0x00000000d3c19680,0x00000000d3c80000)
 Metaspace       used 103299K, committed 105280K, reserved 1179648K
  class space    used 9943K, committed 10880K, reserved 1048576K
}

